[15:33:38] [Server thread/INFO]: Starting minecraft server version 1.12.2
[15:33:38] [Server thread/INFO]: Loading properties
[15:33:38] [Server thread/INFO]: Default game type: SURVIVAL
[15:33:38] [Server thread/INFO]: Generating keypair
[15:33:38] [Server thread/INFO]: Starting Minecraft server on *:25565
[15:33:38] [Server thread/INFO]: Using epoll channel type
[15:33:39] [Server thread/INFO]: Preparing level "World"
[15:33:39] [Server thread/INFO]: Loaded 488 advancements
[15:33:39] [Server thread/INFO]: Preparing start region for level 0
[15:33:39] [Server thread/INFO]: Done (0.864s)! For help, type "help" or "?"
[15:40:40] [User Authenticator #1/INFO]: UUID of player Dordane is 2eb309c2-45f5-4eed-94a0-a294066b93a2
[15:40:40] [Server thread/INFO]: Dordane[/127.0.0.1:46008] logged in with entity id 306 at (130.61836126124638, 71.0, 158.35493715856978)
[15:40:40] [Server thread/INFO]: Dordane joined the game
[15:40:52] [Server thread/INFO]: Dordane lost connection: Disconnected
[15:40:52] [Server thread/INFO]: Dordane left the game
[15:47:56] [User Authenticator #2/INFO]: UUID of player Dordane is 2eb309c2-45f5-4eed-94a0-a294066b93a2
[15:47:56] [Server thread/INFO]: Dordane[/127.0.0.1:35970] logged in with entity id 464 at (131.2004475184773, 71.0, 158.29501752768448)
[15:47:56] [Server thread/INFO]: Dordane joined the game
[15:49:51] [User Authenticator #3/INFO]: UUID of player TonyVernal is 834c69e0-5724-4f42-972f-fb36287e7833
[15:49:51] [Server thread/INFO]: TonyVernal[/127.0.0.1:57328] logged in with entity id 2326 at (47.5, 68.0, 257.5)
[15:49:51] [Server thread/INFO]: TonyVernal joined the game
[15:50:06] [Server thread/INFO]: TonyVernal lost connection: Disconnected
[15:50:06] [Server thread/INFO]: TonyVernal left the game
[15:52:25] [Server thread/INFO]: Dordane lost connection: Disconnected
[15:52:25] [Server thread/INFO]: Dordane left the game
[15:53:29] [Server thread/INFO]: Unknown command. Try /help for a list of commands
[15:53:30] [Server thread/INFO]: Unknown command. Try /help for a list of commands
[15:55:31] [User Authenticator #4/INFO]: UUID of player Dordane is 2eb309c2-45f5-4eed-94a0-a294066b93a2
[15:55:31] [Server thread/INFO]: Dordane[/127.0.0.1:53230] logged in with entity id 4428 at (129.36545675871167, 70.0, 160.2313649878177)
[15:55:31] [Server thread/INFO]: Dordane joined the game
[15:57:06] [User Authenticator #5/INFO]: UUID of player TonyVernal is 834c69e0-5724-4f42-972f-fb36287e7833
[15:57:06] [Server thread/INFO]: TonyVernal[/127.0.0.1:35066] logged in with entity id 5151 at (47.5, 68.0, 257.5)
[15:57:06] [Server thread/INFO]: TonyVernal joined the game
[15:57:47] [Server thread/INFO]: TonyVernal lost connection: Disconnected
[15:57:47] [Server thread/INFO]: TonyVernal left the game
[15:57:50] [Server thread/INFO]: Dordane lost connection: Disconnected
[15:57:50] [Server thread/INFO]: Dordane left the game
[16:03:46] [User Authenticator #6/INFO]: UUID of player Dordane is 2eb309c2-45f5-4eed-94a0-a294066b93a2
[16:03:46] [Server thread/INFO]: Dordane[/127.0.0.1:50808] logged in with entity id 6196 at (131.9546288661413, 69.0, 157.57402160157307)
[16:03:46] [Server thread/INFO]: Dordane joined the game
[16:08:20] [Server thread/INFO]: Dordane lost connection: Disconnected
[16:08:20] [Server thread/INFO]: Dordane left the game
[16:08:37] [User Authenticator #7/INFO]: UUID of player Dordane is 2eb309c2-45f5-4eed-94a0-a294066b93a2
[16:08:37] [Server thread/INFO]: Dordane[/172.17.0.1:41966] logged in with entity id 10039 at (129.66229876796496, 70.0, 155.27737805283425)
[16:08:37] [Server thread/INFO]: Dordane joined the game
[16:09:01] [User Authenticator #8/INFO]: UUID of player TonyVernal is 834c69e0-5724-4f42-972f-fb36287e7833
[16:09:01] [Server thread/INFO]: TonyVernal[/127.0.0.1:44904] logged in with entity id 10292 at (47.5, 68.0, 257.5)
[16:09:01] [Server thread/INFO]: TonyVernal joined the game
[16:11:20] [Server thread/INFO]: Unknown command. Try /help for a list of commands
[16:11:22] [Server thread/INFO]: --- Showing help page 1 of 10 (/help <page>) ---
[16:11:22] [Server thread/INFO]: /advancement <grant|revoke|test> <player>
[16:11:22] [Server thread/INFO]: /ban <name> [reason ...]
[16:11:22] [Server thread/INFO]: /ban-ip <address|name> [reason ...]
[16:11:22] [Server thread/INFO]: /banlist [ips|players]
[16:11:22] [Server thread/INFO]: /blockdata <x> <y> <z> <dataTag>
[16:11:22] [Server thread/INFO]: /clear [player] [item] [data] [maxCount] [dataTag]
[16:11:22] [Server thread/INFO]: /clone <x1> <y1> <z1> <x2> <y2> <z2> <x> <y> <z> [maskMode] [cloneMode]
[16:11:22] [Server thread/INFO]: Tip: Use the <tab> key while typing a command to auto-complete the command or its arguments
[16:11:37] [Server thread/INFO]: --- Showing help page 2 of 10 (/help <page>) ---
[16:11:37] [Server thread/INFO]: /debug <start|stop>
[16:11:37] [Server thread/INFO]: /defaultgamemode <mode>
[16:11:37] [Server thread/INFO]: /deop <player>
[16:11:37] [Server thread/INFO]: /difficulty <new difficulty>
[16:11:37] [Server thread/INFO]: /effect <player> <effect> [seconds] [amplifier] [hideParticles] OR /effect <player> clear
[16:11:37] [Server thread/INFO]: /enchant <player> <enchantment ID> [level]
[16:11:37] [Server thread/INFO]: /entitydata <entity> <dataTag>
[16:11:40] [Server thread/INFO]: --- Showing help page 3 of 10 (/help <page>) ---
[16:11:40] [Server thread/INFO]: /execute <entity> <x> <y> <z> <command> OR /execute <entity> <x> <y> <z> detect <x> <y> <z> <block> <dataValue|-1|state|*> <command>
[16:11:40] [Server thread/INFO]: /fill <x1> <y1> <z1> <x2> <y2> <z2> <block> [dataValue|state] [oldBlockHandling] [dataTag]
[16:11:40] [Server thread/INFO]: /function <name> [if <selector>|unless <selector>]
[16:11:40] [Server thread/INFO]: /gamemode <mode> [player]
[16:11:40] [Server thread/INFO]: /gamerule <rule name> [value]
[16:11:40] [Server thread/INFO]: /give <player> <item> [amount] [data] [dataTag]
[16:11:40] [Server thread/INFO]: /help [page|command name]
[16:11:42] [Server thread/INFO]: --- Showing help page 4 of 10 (/help <page>) ---
[16:11:42] [Server thread/INFO]: /kick <player> [reason ...]
[16:11:42] [Server thread/INFO]: /kill [player|entity]
[16:11:42] [Server thread/INFO]: /list
[16:11:42] [Server thread/INFO]: /locate <feature>
[16:11:42] [Server thread/INFO]: /me <action ...>
[16:11:42] [Server thread/INFO]: /op <player>
[16:11:42] [Server thread/INFO]: /pardon <name>
[16:11:44] [Server thread/INFO]: --- Showing help page 5 of 10 (/help <page>) ---
[16:11:44] [Server thread/INFO]: /pardon-ip <address>
[16:11:44] [Server thread/INFO]: /particle <name> <x> <y> <z> <xd> <yd> <zd> <speed> [count] [mode] [player] [params]
[16:11:44] [Server thread/INFO]: /playsound <sound> <source> <player> [x] [y] [z] [volume] [pitch] [minimumVolume]
[16:11:44] [Server thread/INFO]: /recipe <give|take> [player] <name|*>
[16:11:44] [Server thread/INFO]: /reload
[16:11:44] [Server thread/INFO]: /replaceitem <entity|block> ...
[16:11:44] [Server thread/INFO]: /save-all [flush]
[16:11:54] [Server thread/INFO]: --- Showing help page 6 of 10 (/help <page>) ---
[16:11:54] [Server thread/INFO]: /save-off
[16:11:54] [Server thread/INFO]: /save-on
[16:11:54] [Server thread/INFO]: /say <message ...>
[16:11:54] [Server thread/INFO]: /scoreboard <objectives|players|teams> ...
[16:11:54] [Server thread/INFO]: /seed
[16:11:54] [Server thread/INFO]: /setblock <x> <y> <z> <block> [dataValue|state] [oldBlockHandling] [dataTag]
[16:11:54] [Server thread/INFO]: /setidletimeout <minutes>
[16:12:03] [Server thread/INFO]: --- Showing help page 8 of 10 (/help <page>) ---
[16:12:03] [Server thread/INFO]: /teleport <entity> <x> <y> <z> [<y-rot> <x-rot>]
[16:12:03] [Server thread/INFO]: /tell <player> <private message ...>
[16:12:03] [Server thread/INFO]: /tellraw <player> <raw json message>
[16:12:03] [Server thread/INFO]: /testfor <player> [dataTag]
[16:12:03] [Server thread/INFO]: /testforblock <x> <y> <z> <block> [dataValue|-1|state|*] [dataTag]
[16:12:03] [Server thread/INFO]: /testforblocks <x1> <y1> <z1> <x2> <y2> <z2> <x> <y> <z> [mode]
[16:12:03] [Server thread/INFO]: /time <set|add|query> <value>
